06.02.2018 15:14:14	Этот журнал содержит сведения об операции импорта схемы в проект "DKPDataBase" на компьютере "BORF-PC", выполненной пользователем "Borf".
06.02.2018 15:14:14	Импорт схемы базы данных начат.
06.02.2018 15:14:20	Идет сбор учетных данных для базы данных
06.02.2018 15:14:21	Идет сбор параметров базы данных
06.02.2018 15:14:21	Собирается параметр конфигурации области универсальной базы данных
06.02.2018 15:14:21	Идет сбор пользователей
06.02.2018 15:14:21	Идет сбор ролей
06.02.2018 15:14:21	Идет сбор ролей приложений
06.02.2018 15:14:21	Идет сбор членств ролей
06.02.2018 15:14:21	Идет сбор файловых групп
06.02.2018 15:14:21	Идет сбор полнотекстовых каталогов
06.02.2018 15:14:21	Идет сбор сборок
06.02.2018 15:14:21	Идет сбор сертификатов
06.02.2018 15:14:21	Идет сбор асимметричных ключей
06.02.2018 15:14:21	Идет сбор симметричных ключей
06.02.2018 15:14:21	Идет сбор зашифрованных симметричных ключей
06.02.2018 15:14:21	Идет сбор схем
06.02.2018 15:14:21	Идет сбор коллекции схем XML
06.02.2018 15:14:21	Идет сбор определяемых пользователем типов данных
06.02.2018 15:14:21	Идет сбор определяемых пользователем типов
06.02.2018 15:14:21	Идет сбор табличных типов
06.02.2018 15:14:21	Сбор уникальных ключей для табличных типов
06.02.2018 15:14:21	Идет сбор первичных ключей для табличных типов
06.02.2018 15:14:21	Сбор индексов для табличных типов
06.02.2018 15:14:21	Идет сбор проверочных ограничений для табличных типов
06.02.2018 15:14:21	Идет сбор ограничений по умолчанию для табличных типов
06.02.2018 15:14:21	Идет сбор функций секционирования
06.02.2018 15:14:21	Идет сбор схем секционирования
06.02.2018 15:14:21	Идет сбор функций
06.02.2018 15:14:21	Сбор зашифрованных функций
06.02.2018 15:14:21	Идет сбор статистических выражений
06.02.2018 15:14:21	Идет сбор процедур
06.02.2018 15:14:21	Сбор зашифрованных процедур
06.02.2018 15:14:21	Идет сбор таблиц
06.02.2018 15:14:21	Идет сбор первичных ключей
06.02.2018 15:14:21	Идет сбор ограничений уникальности
06.02.2018 15:14:21	Идет сбор внешних ключей
06.02.2018 15:14:21	Идет сбор ограничений по умолчанию
06.02.2018 15:14:21	Идет сбор проверочных ограничений
06.02.2018 15:14:21	Идет сбор представлений
06.02.2018 15:14:21	Сбор зашифрованных представлений
06.02.2018 15:14:21	Идет сбор индексов
06.02.2018 15:14:21	Идет сбор статистики
06.02.2018 15:14:21	Идет сбор списков стоп-слов полнотекстовых индексов
06.02.2018 15:14:21	Сбор списков свойств поиска
06.02.2018 15:14:21	Сбор свойств поиска
06.02.2018 15:14:21	Идет сбор полнотекстовых индексов
06.02.2018 15:14:21	Сбор индексов хранилища столбцов
06.02.2018 15:14:21	Идет сбор пространственных индексов
06.02.2018 15:14:21	Идет сбор XML-индексов
06.02.2018 15:14:21	Сбор селективных XML-индексов
06.02.2018 15:14:21	Сбор зашифрованных триггеров
06.02.2018 15:14:21	Идет сбор триггеров
06.02.2018 15:14:21	Идет сбор зашифрованных триггеров и триггеров ddl clr
06.02.2018 15:14:21	Идет сбор триггеров ddl
06.02.2018 15:14:21	Идет сбор синонимов
06.02.2018 15:14:21	Идет сбор значений по умолчанию
06.02.2018 15:14:21	Идет сбор привязок uddt ограничений данных
06.02.2018 15:14:21	Идет сбор правил
06.02.2018 15:14:21	Идет сбор привязок uddt ограничений данных
06.02.2018 15:14:21	Идет сбор типов сообщений
06.02.2018 15:14:21	Идет сбор списков ожидания
06.02.2018 15:14:21	Идет сбор контрактов
06.02.2018 15:14:21	Идет сбор служб
06.02.2018 15:14:21	Идет сбор уведомлений о событиях
06.02.2018 15:14:21	Идет сбор привязок удаленных служб
06.02.2018 15:14:21	Идет сбор приоритетов брокера
06.02.2018 15:14:21	Идет сбор подписей
06.02.2018 15:14:21	Идет сбор параметров сжатия данных
06.02.2018 15:14:21	Сбор типов последовательностей
06.02.2018 15:14:21	Идет сбор политик безопасности
06.02.2018 15:14:21	Сбор ключей шифрования столбцов
06.02.2018 15:14:21	Сбор главных ключей столбцов
06.02.2018 15:14:21	Выполняется сбор внешних источников данных
06.02.2018 15:14:21	Выполняется сбор внешних форматов файлов
06.02.2018 15:14:21	Выполняется сбор внешних таблиц
06.02.2018 15:14:21	Сбор разрешений базы данных
06.02.2018 15:14:21	Идет сбор расширенных свойств
06.02.2018 15:14:21	Идет сбор учетных данных
06.02.2018 15:14:21	Идет сбор имен входа
06.02.2018 15:14:21	Идет сбор аудитов сервера
06.02.2018 15:14:22	Выполняется проверка проекта на наличие повторяющихся элементов
06.02.2018 15:14:23	Обработка повторяющегося элемента завершена
06.02.2018 15:14:23	Импорт базы данных завершен.
06.02.2018 15:14:23	summary операции импорта была сохранена по следующему пути: D:\Repos\DKPWeb\DKPDataBase\Журналы импорта схем\DKPDataBase_20180206121414.log
06.02.2018 15:14:23	Для продолжения нажмите кнопку ''Готово''...
